Using pre-set license
Built from '2021.3/staging' branch; Version is '2021.3.1f1 (3b70a0754835) revision 3895456'; Using compiler version '192829333'; Build Type 'Release'
OS: 'Windows 10  (10.0.19044) 64bit Core' Language: 'ja' Physical Memory: 32700 MB
BatchMode: 1, IsHumanControllingUs: 0, StartBugReporterOnCrash: 0, Is64bit: 1, IsPro: 1

COMMAND LINE ARGUMENTS:
C:\Users\fujimori\Downloads\2021.3.1f1\Editor\Unity.exe
-adb2
-batchMode
-noUpm
-name
AssetImportWorker3
-projectPath
D:/Documents/UNITY/EscapeRoom/EscapeRoom
-logFile
Logs/AssetImportWorker3.log
-srvPort
54899
Successfully changed project path to: D:/Documents/UNITY/EscapeRoom/EscapeRoom
D:/Documents/UNITY/EscapeRoom/EscapeRoom
[UnityMemory] Configuration Parameters - Can be set up in boot.config
    "memorysetup-bucket-allocator-granularity=16"
    "memorysetup-bucket-allocator-bucket-count=8"
    "memorysetup-bucket-allocator-block-size=33554432"
    "memorysetup-bucket-allocator-block-count=8"
    "memorysetup-main-allocator-block-size=16777216"
    "memorysetup-thread-allocator-block-size=16777216"
    "memorysetup-gfx-main-allocator-block-size=16777216"
    "memorysetup-gfx-thread-allocator-block-size=16777216"
    "memorysetup-cache-allocator-block-size=4194304"
    "memorysetup-typetree-allocator-block-size=2097152"
    "memorysetup-profiler-bucket-allocator-granularity=16"
    "memorysetup-profiler-bucket-allocator-bucket-count=8"
    "memorysetup-profiler-bucket-allocator-block-size=33554432"
    "memorysetup-profiler-bucket-allocator-block-count=8"
    "memorysetup-profiler-allocator-block-size=16777216"
    "memorysetup-profiler-editor-allocator-block-size=1048576"
    "memorysetup-temp-allocator-size-main=16777216"
    "memorysetup-job-temp-allocator-block-size=2097152"
    "memorysetup-job-temp-allocator-block-size-background=1048576"
    "memorysetup-job-temp-allocator-reduction-small-platforms=262144"
    "memorysetup-temp-allocator-size-background-worker=32768"
    "memorysetup-temp-allocator-size-job-worker=262144"
    "memorysetup-temp-allocator-size-preload-manager=33554432"
    "memorysetup-temp-allocator-size-nav-mesh-worker=65536"
    "memorysetup-temp-allocator-size-audio-worker=65536"
    "memorysetup-temp-allocator-size-cloud-worker=32768"
    "memorysetup-temp-allocator-size-gi-baking-worker=262144"
    "memorysetup-temp-allocator-size-gfx=262144"
Refreshing native plugins compatible for Editor in 101.58 ms, found 3 plugins.
Preloading 0 native plugins for Editor in 0.00 ms.
Initialize engine version: 2021.3.1f1 (3b70a0754835)
[Subsystems] Discovering subsystems at path C:/Users/fujimori/Downloads/2021.3.1f1/Editor/Data/Resources/UnitySubsystems
[Subsystems] Discovering subsystems at path D:/Documents/UNITY/EscapeRoom/EscapeRoom/Assets
GfxDevice: creating device client; threaded=0; jobified=0
Direct3D:
    Version:  Direct3D 11.0 [level 11.1]
    Renderer: NVIDIA GeForce RTX 2070 SUPER (ID=0x1e84)
    Vendor:   NVIDIA
    VRAM:     8012 MB
    Driver:   31.0.15.1694
Initialize mono
Mono path[0] = 'C:/Users/fujimori/Downloads/2021.3.1f1/Editor/Data/Managed'
Mono path[1] = 'C:/Users/fujimori/Downloads/2021.3.1f1/Editor/Data/MonoBleedingEdge/lib/mono/unityjit-win32'
Mono config path = 'C:/Users/fujimori/Downloads/2021.3.1f1/Editor/Data/MonoBleedingEdge/etc'
Using monoOptions --debugger-agent=transport=dt_socket,embedding=1,server=y,suspend=n,address=127.0.0.1:56608
Begin MonoManager ReloadAssembly
Registering precompiled unity dll's ...
Register platform support module: C:/Users/fujimori/Downloads/2021.3.1f1/Editor/Data/PlaybackEngines/WebGLSupport/UnityEditor.WebGL.Extensions.dll
Register platform support module: C:/Users/fujimori/Downloads/2021.3.1f1/Editor/Data/PlaybackEngines/WindowsStandaloneSupport/UnityEditor.WindowsStandalone.Extensions.dll
Registered in 0.006871 seconds.
Native extension for WindowsStandalone target not found
Native extension for WebGL target not found
Refreshing native plugins compatible for Editor in 109.68 ms, found 3 plugins.
Preloading 0 native plugins for Editor in 0.00 ms.
Mono: successfully reloaded assembly
- Completed reload, in  0.627 seconds
Domain Reload Profiling:
	ReloadAssembly (627ms)
		BeginReloadAssembly (64ms)
			ExecutionOrderSort (0ms)
			DisableScriptedObjects (0ms)
			BackupInstance (0ms)
			ReleaseScriptingObjects (0ms)
			CreateAndSetChildDomain (1ms)
		EndReloadAssembly (458ms)
			LoadAssemblies (62ms)
			RebuildTransferFunctionScriptingTraits (0ms)
			SetupTypeCache (102ms)
			ReleaseScriptCaches (0ms)
			RebuildScriptCaches (25ms)
			SetupLoadedEditorAssemblies (283ms)
				LogAssemblyErrors (0ms)
				InitializePlatformSupportModulesInManaged (9ms)
				SetLoadedEditorAssemblies (0ms)
				RefreshPlugins (110ms)
				BeforeProcessingInitializeOnLoad (1ms)
				ProcessInitializeOnLoadAttributes (119ms)
				ProcessInitializeOnLoadMethodAttributes (44ms)
				AfterProcessingInitializeOnLoad (0ms)
				EditorAssembliesLoaded (0ms)
			ExecutionOrderSort2 (0ms)
			AwakeInstancesAfterBackupRestoration (0ms)
Platform modules already initialized, skipping
Registering precompiled user dll's ...
Registered in 0.003891 seconds.
Begin MonoManager ReloadAssembly
Symbol file LoadedFromMemory doesn't match image D:\Documents\UNITY\EscapeRoom\EscapeRoom\Library\PackageCache\com.unity.visualscripting@1.7.6\Editor\VisualScripting.Core\Dependencies\YamlDotNet\Unity.VisualScripting.YamlDotNet.dll
Symbol file LoadedFromMemory is not a mono symbol file
Symbol file LoadedFromMemory doesn't match image D:\Documents\UNITY\EscapeRoom\EscapeRoom\Library\PackageCache\com.unity.visualscripting@1.7.6\Editor\VisualScripting.Core\Dependencies\DotNetZip\Unity.VisualScripting.IonicZip.dll
Native extension for WindowsStandalone target not found
Native extension for WebGL target not found
Refreshing native plugins compatible for Editor in 102.44 ms, found 3 plugins.
Preloading 0 native plugins for Editor in 0.00 ms.
Mono: successfully reloaded assembly
- Completed reload, in  1.148 seconds
Domain Reload Profiling:
	ReloadAssembly (1149ms)
		BeginReloadAssembly (101ms)
			ExecutionOrderSort (0ms)
			DisableScriptedObjects (5ms)
			BackupInstance (0ms)
			ReleaseScriptingObjects (0ms)
			CreateAndSetChildDomain (20ms)
		EndReloadAssembly (939ms)
			LoadAssemblies (83ms)
			RebuildTransferFunctionScriptingTraits (0ms)
			SetupTypeCache (268ms)
			ReleaseScriptCaches (1ms)
			RebuildScriptCaches (53ms)
			SetupLoadedEditorAssemblies (495ms)
				LogAssemblyErrors (0ms)
				InitializePlatformSupportModulesInManaged (6ms)
				SetLoadedEditorAssemblies (0ms)
				RefreshPlugins (103ms)
				BeforeProcessingInitializeOnLoad (103ms)
				ProcessInitializeOnLoadAttributes (204ms)
				ProcessInitializeOnLoadMethodAttributes (69ms)
				AfterProcessingInitializeOnLoad (9ms)
				EditorAssembliesLoaded (0ms)
			ExecutionOrderSort2 (0ms)
			AwakeInstancesAfterBackupRestoration (7ms)
Platform modules already initialized, skipping
========================================================================
Worker process is ready to serve import requests
Launched and connected shader compiler UnityShaderCompiler.exe after 0.04 seconds
Refreshing native plugins compatible for Editor in 1.54 ms, found 3 plugins.
Preloading 0 native plugins for Editor in 0.00 ms.
Unloading 5075 Unused Serialized files (Serialized files now loaded: 0)
Unloading 28 unused Assets / (347.0 KB). Loaded Objects now: 5558.
Memory consumption went from 219.4 MB to 219.1 MB.
Total: 3.464600 ms (FindLiveObjects: 0.487400 ms CreateObjectMapping: 0.136000 ms MarkObjects: 2.701100 ms  DeleteObjects: 0.138900 ms)

AssetImportParameters requested are different than current active one (requested -> active):
  custom:video-decoder-ogg-theora: a1e56fd34408186e4bbccfd4996cb3dc -> 
  custom:container-muxer-webm: aa71ff27fc2769a1b78a27578f13a17b -> 
  custom:container-demuxer-webm: 4f35f7cbe854078d1ac9338744f61a02 -> 
  custom:video-encoder-webm-vp8: eb34c28f22e8b96e1ab97ce403110664 -> 
  custom:audio-encoder-webm-vorbis: bf7c407c2cedff20999df2af8eb42d56 -> 
  custom:framework-win-MediaFoundation: 216162199b28c13a410421893ffa2e32 -> 
  custom:container-demuxer-ogg: 62fdf1f143b41e24485cea50d1cbac27 -> 
  custom:video-decoder-webm-vp8: 9c59270c3fd7afecdb556c50c9e8de78 -> 
  custom:audio-decoder-ogg-vorbis: bf7c407c2cedff20999df2af8eb42d56 -> 
========================================================================
Received Import Request.
  Time since last request: 344231.366103 seconds.
  path: Assets/Rough3dData/uchuusen_texture.fbx
  artifactKey: Guid(b0f6a0317189d68468200d52a304d029) Importer(815301076,1909f56bfc062723c751e8b465ee728b)
Start importing Assets/Rough3dData/uchuusen_texture.fbx using Guid(b0f6a0317189d68468200d52a304d029) Importer(815301076,1909f56bfc062723c751e8b465ee728b)  -> (artifact id: 'dfa1cb4c444bdb608435c28f75d61a4e') in 3.195814 seconds 
========================================================================
Received Import Request.
  Time since last request: 4909.187958 seconds.
  path: Assets/Rough3dData/Materials/マテリアル.002.mat
  artifactKey: Guid(2ab8ec614ee07c34c938f5fd011f664a) Importer(815301076,1909f56bfc062723c751e8b465ee728b)
Start importing Assets/Rough3dData/Materials/マテリアル.002.mat using Guid(2ab8ec614ee07c34c938f5fd011f664a) Importer(815301076,1909f56bfc062723c751e8b465ee728b)  -> (artifact id: 'b6bc3fb2e051da6eb65c5fefe418ef80') in 0.024844 seconds 
========================================================================
Received Import Request.
  Time since last request: 0.000027 seconds.
  path: Assets/Rough3dData/Materials/マテリアル.009.mat
  artifactKey: Guid(7ea9b9102daa782418cafba6bf0317ad) Importer(815301076,1909f56bfc062723c751e8b465ee728b)
Start importing Assets/Rough3dData/Materials/マテリアル.009.mat using Guid(7ea9b9102daa782418cafba6bf0317ad) Importer(815301076,1909f56bfc062723c751e8b465ee728b)  -> (artifact id: '48bde0364499304c57bceabf678c0307') in 0.011353 seconds 
========================================================================
Received Import Request.
  Time since last request: 0.000029 seconds.
  path: Assets/Rough3dData/Materials/マテリアル.010.mat
  artifactKey: Guid(34e5894b17ab3c84094c1bfa6e5c80b1) Importer(815301076,1909f56bfc062723c751e8b465ee728b)
Start importing Assets/Rough3dData/Materials/マテリアル.010.mat using Guid(34e5894b17ab3c84094c1bfa6e5c80b1) Importer(815301076,1909f56bfc062723c751e8b465ee728b)  -> (artifact id: '5c11d5d4c2f1453ce391dc0800d60743') in 0.019240 seconds 
========================================================================
Received Import Request.
  Time since last request: 0.000024 seconds.
  path: Assets/Rough3dData/Materials/マテリアル.004.mat
  artifactKey: Guid(14cb754b9b089964f9f4cfd9f760d3f8) Importer(815301076,1909f56bfc062723c751e8b465ee728b)
Start importing Assets/Rough3dData/Materials/マテリアル.004.mat using Guid(14cb754b9b089964f9f4cfd9f760d3f8) Importer(815301076,1909f56bfc062723c751e8b465ee728b)  -> (artifact id: 'f16b3d72d9a946977b4aa3304db0cdc1') in 0.024170 seconds 
========================================================================
Received Import Request.
  Time since last request: 0.000026 seconds.
  path: Assets/Rough3dData/Materials/マテリアル.003.mat
  artifactKey: Guid(17ec00081ed722a46a63ce570b7062c6) Importer(815301076,1909f56bfc062723c751e8b465ee728b)
Start importing Assets/Rough3dData/Materials/マテリアル.003.mat using Guid(17ec00081ed722a46a63ce570b7062c6) Importer(815301076,1909f56bfc062723c751e8b465ee728b)  -> (artifact id: '92014470d8fad468551b69f2be36e392') in 0.008845 seconds 
========================================================================
Received Import Request.
  Time since last request: 14.142848 seconds.
  path: Assets/Rough3dData/uchuusen_texture/Materials/マテリアル.004.mat
  artifactKey: Guid(6e3f8394c00027449b7f36add744b97b) Importer(815301076,1909f56bfc062723c751e8b465ee728b)
Start importing Assets/Rough3dData/uchuusen_texture/Materials/マテリアル.004.mat using Guid(6e3f8394c00027449b7f36add744b97b) Importer(815301076,1909f56bfc062723c751e8b465ee728b)  -> (artifact id: 'e5208145f007d22d732e4f6dedd1dc4c') in 0.008693 seconds 
========================================================================
Received Import Request.
  Time since last request: 0.000026 seconds.
  path: Assets/Rough3dData/uchuusen_texture/Materials/マテリアル.007.mat
  artifactKey: Guid(c3de88b6a735aa64bae9cee32d0b1e95) Importer(815301076,1909f56bfc062723c751e8b465ee728b)
Start importing Assets/Rough3dData/uchuusen_texture/Materials/マテリアル.007.mat using Guid(c3de88b6a735aa64bae9cee32d0b1e95) Importer(815301076,1909f56bfc062723c751e8b465ee728b)  -> (artifact id: '263c399cea4fbc82353fc5f8ba36ecf6') in 0.010621 seconds 
========================================================================
Received Import Request.
  Time since last request: 0.000029 seconds.
  path: Assets/Rough3dData/uchuusen_texture/Materials/マテリアル.009.mat
  artifactKey: Guid(a248bb9e6c61bfc438148fef3865fa93) Importer(815301076,1909f56bfc062723c751e8b465ee728b)
Start importing Assets/Rough3dData/uchuusen_texture/Materials/マテリアル.009.mat using Guid(a248bb9e6c61bfc438148fef3865fa93) Importer(815301076,1909f56bfc062723c751e8b465ee728b)  -> (artifact id: 'ad040144f677716253b372cb82c978e2') in 0.009753 seconds 
========================================================================
Received Import Request.
  Time since last request: 0.000022 seconds.
  path: Assets/Rough3dData/uchuusen_texture/Materials/マテリアル.008.mat
  artifactKey: Guid(bbabb4a2775a70b43b9b80c880a9e9f6) Importer(815301076,1909f56bfc062723c751e8b465ee728b)
Start importing Assets/Rough3dData/uchuusen_texture/Materials/マテリアル.008.mat using Guid(bbabb4a2775a70b43b9b80c880a9e9f6) Importer(815301076,1909f56bfc062723c751e8b465ee728b)  -> (artifact id: '0dabacd44761e3cbc0f84ddb3f8546f6') in 0.010130 seconds 
Editor requested this worker to shutdown with reason: Scaling down because of idle timeout
AssetImportWorker is now disconnected from the server
Process exiting
Exiting without the bug reporter. Application will terminate with return code 0