Using pre-set license
Built from '2021.3/staging' branch; Version is '2021.3.1f1 (3b70a0754835) revision 3895456'; Using compiler version '192829333'; Build Type 'Release'
OS: 'Windows 10  (10.0.19044) 64bit Core' Language: 'ja' Physical Memory: 32700 MB
BatchMode: 1, IsHumanControllingUs: 0, StartBugReporterOnCrash: 0, Is64bit: 1, IsPro: 1

COMMAND LINE ARGUMENTS:
C:\Users\fujimori\Downloads\2021.3.1f1\Editor\Unity.exe
-adb2
-batchMode
-noUpm
-name
AssetImportWorker2
-projectPath
D:/Documents/UNITY/EscapeRoom/EscapeRoom
-logFile
Logs/AssetImportWorker2.log
-srvPort
54899
Successfully changed project path to: D:/Documents/UNITY/EscapeRoom/EscapeRoom
D:/Documents/UNITY/EscapeRoom/EscapeRoom
[UnityMemory] Configuration Parameters - Can be set up in boot.config
    "memorysetup-bucket-allocator-granularity=16"
    "memorysetup-bucket-allocator-bucket-count=8"
    "memorysetup-bucket-allocator-block-size=33554432"
    "memorysetup-bucket-allocator-block-count=8"
    "memorysetup-main-allocator-block-size=16777216"
    "memorysetup-thread-allocator-block-size=16777216"
    "memorysetup-gfx-main-allocator-block-size=16777216"
    "memorysetup-gfx-thread-allocator-block-size=16777216"
    "memorysetup-cache-allocator-block-size=4194304"
    "memorysetup-typetree-allocator-block-size=2097152"
    "memorysetup-profiler-bucket-allocator-granularity=16"
    "memorysetup-profiler-bucket-allocator-bucket-count=8"
    "memorysetup-profiler-bucket-allocator-block-size=33554432"
    "memorysetup-profiler-bucket-allocator-block-count=8"
    "memorysetup-profiler-allocator-block-size=16777216"
    "memorysetup-profiler-editor-allocator-block-size=1048576"
    "memorysetup-temp-allocator-size-main=16777216"
    "memorysetup-job-temp-allocator-block-size=2097152"
    "memorysetup-job-temp-allocator-block-size-background=1048576"
    "memorysetup-job-temp-allocator-reduction-small-platforms=262144"
    "memorysetup-temp-allocator-size-background-worker=32768"
    "memorysetup-temp-allocator-size-job-worker=262144"
    "memorysetup-temp-allocator-size-preload-manager=33554432"
    "memorysetup-temp-allocator-size-nav-mesh-worker=65536"
    "memorysetup-temp-allocator-size-audio-worker=65536"
    "memorysetup-temp-allocator-size-cloud-worker=32768"
    "memorysetup-temp-allocator-size-gi-baking-worker=262144"
    "memorysetup-temp-allocator-size-gfx=262144"
Refreshing native plugins compatible for Editor in 101.19 ms, found 3 plugins.
Preloading 0 native plugins for Editor in 0.00 ms.
Initialize engine version: 2021.3.1f1 (3b70a0754835)
[Subsystems] Discovering subsystems at path C:/Users/fujimori/Downloads/2021.3.1f1/Editor/Data/Resources/UnitySubsystems
[Subsystems] Discovering subsystems at path D:/Documents/UNITY/EscapeRoom/EscapeRoom/Assets
GfxDevice: creating device client; threaded=0; jobified=0
Direct3D:
    Version:  Direct3D 11.0 [level 11.1]
    Renderer: NVIDIA GeForce RTX 2070 SUPER (ID=0x1e84)
    Vendor:   NVIDIA
    VRAM:     8012 MB
    Driver:   31.0.15.1694
Initialize mono
Mono path[0] = 'C:/Users/fujimori/Downloads/2021.3.1f1/Editor/Data/Managed'
Mono path[1] = 'C:/Users/fujimori/Downloads/2021.3.1f1/Editor/Data/MonoBleedingEdge/lib/mono/unityjit-win32'
Mono config path = 'C:/Users/fujimori/Downloads/2021.3.1f1/Editor/Data/MonoBleedingEdge/etc'
Using monoOptions --debugger-agent=transport=dt_socket,embedding=1,server=y,suspend=n,address=127.0.0.1:56184
Begin MonoManager ReloadAssembly
Registering precompiled unity dll's ...
Register platform support module: C:/Users/fujimori/Downloads/2021.3.1f1/Editor/Data/PlaybackEngines/WebGLSupport/UnityEditor.WebGL.Extensions.dll
Register platform support module: C:/Users/fujimori/Downloads/2021.3.1f1/Editor/Data/PlaybackEngines/WindowsStandaloneSupport/UnityEditor.WindowsStandalone.Extensions.dll
Registered in 0.007327 seconds.
Native extension for WindowsStandalone target not found
Native extension for WebGL target not found
Refreshing native plugins compatible for Editor in 108.15 ms, found 3 plugins.
Preloading 0 native plugins for Editor in 0.00 ms.
Mono: successfully reloaded assembly
- Completed reload, in  0.639 seconds
Domain Reload Profiling:
	ReloadAssembly (640ms)
		BeginReloadAssembly (67ms)
			ExecutionOrderSort (0ms)
			DisableScriptedObjects (0ms)
			BackupInstance (0ms)
			ReleaseScriptingObjects (0ms)
			CreateAndSetChildDomain (1ms)
		EndReloadAssembly (463ms)
			LoadAssemblies (64ms)
			RebuildTransferFunctionScriptingTraits (0ms)
			SetupTypeCache (110ms)
			ReleaseScriptCaches (0ms)
			RebuildScriptCaches (27ms)
			SetupLoadedEditorAssemblies (278ms)
				LogAssemblyErrors (0ms)
				InitializePlatformSupportModulesInManaged (9ms)
				SetLoadedEditorAssemblies (0ms)
				RefreshPlugins (108ms)
				BeforeProcessingInitializeOnLoad (1ms)
				ProcessInitializeOnLoadAttributes (115ms)
				ProcessInitializeOnLoadMethodAttributes (44ms)
				AfterProcessingInitializeOnLoad (0ms)
				EditorAssembliesLoaded (0ms)
			ExecutionOrderSort2 (0ms)
			AwakeInstancesAfterBackupRestoration (0ms)
Platform modules already initialized, skipping
Registering precompiled user dll's ...
Registered in 0.003545 seconds.
Begin MonoManager ReloadAssembly
Symbol file LoadedFromMemory doesn't match image D:\Documents\UNITY\EscapeRoom\EscapeRoom\Library\PackageCache\com.unity.visualscripting@1.7.6\Editor\VisualScripting.Core\Dependencies\YamlDotNet\Unity.VisualScripting.YamlDotNet.dll
Symbol file LoadedFromMemory is not a mono symbol file
Symbol file LoadedFromMemory doesn't match image D:\Documents\UNITY\EscapeRoom\EscapeRoom\Library\PackageCache\com.unity.visualscripting@1.7.6\Editor\VisualScripting.Core\Dependencies\DotNetZip\Unity.VisualScripting.IonicZip.dll
Native extension for WindowsStandalone target not found
Native extension for WebGL target not found
Refreshing native plugins compatible for Editor in 102.10 ms, found 3 plugins.
Preloading 0 native plugins for Editor in 0.00 ms.
Mono: successfully reloaded assembly
- Completed reload, in  1.182 seconds
Domain Reload Profiling:
	ReloadAssembly (1182ms)
		BeginReloadAssembly (103ms)
			ExecutionOrderSort (0ms)
			DisableScriptedObjects (6ms)
			BackupInstance (0ms)
			ReleaseScriptingObjects (0ms)
			CreateAndSetChildDomain (19ms)
		EndReloadAssembly (974ms)
			LoadAssemblies (86ms)
			RebuildTransferFunctionScriptingTraits (0ms)
			SetupTypeCache (278ms)
			ReleaseScriptCaches (1ms)
			RebuildScriptCaches (67ms)
			SetupLoadedEditorAssemblies (495ms)
				LogAssemblyErrors (0ms)
				InitializePlatformSupportModulesInManaged (6ms)
				SetLoadedEditorAssemblies (0ms)
				RefreshPlugins (102ms)
				BeforeProcessingInitializeOnLoad (102ms)
				ProcessInitializeOnLoadAttributes (205ms)
				ProcessInitializeOnLoadMethodAttributes (72ms)
				AfterProcessingInitializeOnLoad (8ms)
				EditorAssembliesLoaded (0ms)
			ExecutionOrderSort2 (0ms)
			AwakeInstancesAfterBackupRestoration (5ms)
Platform modules already initialized, skipping
========================================================================
Worker process is ready to serve import requests
Launched and connected shader compiler UnityShaderCompiler.exe after 0.04 seconds
Refreshing native plugins compatible for Editor in 1.06 ms, found 3 plugins.
Preloading 0 native plugins for Editor in 0.00 ms.
Unloading 5075 Unused Serialized files (Serialized files now loaded: 0)
Unloading 28 unused Assets / (347.0 KB). Loaded Objects now: 5558.
Memory consumption went from 219.4 MB to 219.1 MB.
Total: 3.398400 ms (FindLiveObjects: 0.485300 ms CreateObjectMapping: 0.128800 ms MarkObjects: 2.608200 ms  DeleteObjects: 0.175000 ms)

AssetImportParameters requested are different than current active one (requested -> active):
  custom:video-decoder-ogg-theora: a1e56fd34408186e4bbccfd4996cb3dc -> 
  custom:container-muxer-webm: aa71ff27fc2769a1b78a27578f13a17b -> 
  custom:container-demuxer-webm: 4f35f7cbe854078d1ac9338744f61a02 -> 
  custom:video-encoder-webm-vp8: eb34c28f22e8b96e1ab97ce403110664 -> 
  custom:audio-encoder-webm-vorbis: bf7c407c2cedff20999df2af8eb42d56 -> 
  custom:framework-win-MediaFoundation: 216162199b28c13a410421893ffa2e32 -> 
  custom:container-demuxer-ogg: 62fdf1f143b41e24485cea50d1cbac27 -> 
  custom:video-decoder-webm-vp8: 9c59270c3fd7afecdb556c50c9e8de78 -> 
  custom:audio-decoder-ogg-vorbis: bf7c407c2cedff20999df2af8eb42d56 -> 
========================================================================
Received Import Request.
  Time since last request: 337656.190710 seconds.
  path: Assets/Rough3dData/uchuusen4.fbx
  artifactKey: Guid(6ea2baafc90dfa0468d93db6d433a3c7) Importer(815301076,1909f56bfc062723c751e8b465ee728b)
Start importing Assets/Rough3dData/uchuusen4.fbx using Guid(6ea2baafc90dfa0468d93db6d433a3c7) Importer(815301076,1909f56bfc062723c751e8b465ee728b)  -> (artifact id: '43512d843eff4eb4d31f1549cab74b33') in 1.057225 seconds 
========================================================================
Received Import Request.
  Time since last request: 16.151413 seconds.
  path: Assets/Rough3dData/New Lighting Settings.lighting
  artifactKey: Guid(92c9208caeba7e743b4a8114f456c522) Importer(815301076,1909f56bfc062723c751e8b465ee728b)
Start importing Assets/Rough3dData/New Lighting Settings.lighting using Guid(92c9208caeba7e743b4a8114f456c522) Importer(815301076,1909f56bfc062723c751e8b465ee728b)  -> (artifact id: '1691185fd424cdbb4c70bf62792611ab') in 0.019057 seconds 
========================================================================
Received Import Request.
  Time since last request: 60.098058 seconds.
  path: Assets/Rough3dData/uchuusen_texture2.fbx
  artifactKey: Guid(521298d82f0e94c40b46aa11e548b5af) Importer(815301076,1909f56bfc062723c751e8b465ee728b)
Start importing Assets/Rough3dData/uchuusen_texture2.fbx using Guid(521298d82f0e94c40b46aa11e548b5af) Importer(815301076,1909f56bfc062723c751e8b465ee728b)  -> (artifact id: 'dc0c89d16c9135342afec369f7fef05a') in 1.935237 seconds 
========================================================================
Received Import Request.
  Time since last request: 25.675184 seconds.
  path: Assets/Rough3dData/uchuusen_texture2.fbx
  artifactKey: Guid(521298d82f0e94c40b46aa11e548b5af) Importer(815301076,1909f56bfc062723c751e8b465ee728b)
Start importing Assets/Rough3dData/uchuusen_texture2.fbx using Guid(521298d82f0e94c40b46aa11e548b5af) Importer(815301076,1909f56bfc062723c751e8b465ee728b)  -> (artifact id: '55d467816a0afb9ecccb5ab11527622f') in 1.856914 seconds 
========================================================================
Received Import Request.
  Time since last request: 6468.344811 seconds.
  path: Assets/Rough3dData/Locker_color2 1.fbx
  artifactKey: Guid(cd5bb6da1bbf8cf45b0d559954389ac7) Importer(815301076,1909f56bfc062723c751e8b465ee728b)
Start importing Assets/Rough3dData/Locker_color2 1.fbx using Guid(cd5bb6da1bbf8cf45b0d559954389ac7) Importer(815301076,1909f56bfc062723c751e8b465ee728b)  -> (artifact id: 'f441e10d2510806648e14dc885346337') in 0.122034 seconds 
========================================================================
Received Import Request.
  Time since last request: 0.000059 seconds.
  path: Assets/Rough3dData/マテリアル.007 1.mat
  artifactKey: Guid(b386baa8bbd736e4a84972cfd0f0630d) Importer(815301076,1909f56bfc062723c751e8b465ee728b)
Start importing Assets/Rough3dData/マテリアル.007 1.mat using Guid(b386baa8bbd736e4a84972cfd0f0630d) Importer(815301076,1909f56bfc062723c751e8b465ee728b)  -> (artifact id: 'd607202a877c98fb183fcbeea43854a0') in 0.015099 seconds 
========================================================================
Received Import Request.
  Time since last request: 0.000041 seconds.
  path: Assets/Rough3dData/uchuusen_texture2.fbx
  artifactKey: Guid(521298d82f0e94c40b46aa11e548b5af) Importer(815301076,1909f56bfc062723c751e8b465ee728b)
Start importing Assets/Rough3dData/uchuusen_texture2.fbx using Guid(521298d82f0e94c40b46aa11e548b5af) Importer(815301076,1909f56bfc062723c751e8b465ee728b)  -> (artifact id: '76a8be379bc3ab388785aaf61f709c02') in 2.956121 seconds 
========================================================================
Received Import Request.
  Time since last request: 0.000038 seconds.
  path: Assets/Rough3dData/マテリアル.007.mat
  artifactKey: Guid(e0ce5e19dcee3e04d926be0995b200f8) Importer(815301076,1909f56bfc062723c751e8b465ee728b)
Start importing Assets/Rough3dData/マテリアル.007.mat using Guid(e0ce5e19dcee3e04d926be0995b200f8) Importer(815301076,1909f56bfc062723c751e8b465ee728b)  -> (artifact id: 'c8cc9d740dee1f4930ec11e5c2678b9e') in 0.024554 seconds 
Editor requested this worker to shutdown with reason: Scaling down because of idle timeout
AssetImportWorker is now disconnected from the server
Process exiting
Exiting without the bug reporter. Application will terminate with return code 0