Using pre-set license
Built from '2021.3/staging' branch; Version is '2021.3.1f1 (3b70a0754835) revision 3895456'; Using compiler version '192829333'; Build Type 'Release'
OS: 'Windows 10  (10.0.19044) 64bit Core' Language: 'ja' Physical Memory: 32700 MB
BatchMode: 1, IsHumanControllingUs: 0, StartBugReporterOnCrash: 0, Is64bit: 1, IsPro: 1

COMMAND LINE ARGUMENTS:
C:\Users\fujimori\Downloads\2021.3.1f1\Editor\Unity.exe
-adb2
-batchMode
-noUpm
-name
AssetImportWorker4
-projectPath
D:/Documents/UNITY/EscapeRoom/EscapeRoom
-logFile
Logs/AssetImportWorker4.log
-srvPort
54899
Successfully changed project path to: D:/Documents/UNITY/EscapeRoom/EscapeRoom
D:/Documents/UNITY/EscapeRoom/EscapeRoom
[UnityMemory] Configuration Parameters - Can be set up in boot.config
    "memorysetup-bucket-allocator-granularity=16"
    "memorysetup-bucket-allocator-bucket-count=8"
    "memorysetup-bucket-allocator-block-size=33554432"
    "memorysetup-bucket-allocator-block-count=8"
    "memorysetup-main-allocator-block-size=16777216"
    "memorysetup-thread-allocator-block-size=16777216"
    "memorysetup-gfx-main-allocator-block-size=16777216"
    "memorysetup-gfx-thread-allocator-block-size=16777216"
    "memorysetup-cache-allocator-block-size=4194304"
    "memorysetup-typetree-allocator-block-size=2097152"
    "memorysetup-profiler-bucket-allocator-granularity=16"
    "memorysetup-profiler-bucket-allocator-bucket-count=8"
    "memorysetup-profiler-bucket-allocator-block-size=33554432"
    "memorysetup-profiler-bucket-allocator-block-count=8"
    "memorysetup-profiler-allocator-block-size=16777216"
    "memorysetup-profiler-editor-allocator-block-size=1048576"
    "memorysetup-temp-allocator-size-main=16777216"
    "memorysetup-job-temp-allocator-block-size=2097152"
    "memorysetup-job-temp-allocator-block-size-background=1048576"
    "memorysetup-job-temp-allocator-reduction-small-platforms=262144"
    "memorysetup-temp-allocator-size-background-worker=32768"
    "memorysetup-temp-allocator-size-job-worker=262144"
    "memorysetup-temp-allocator-size-preload-manager=33554432"
    "memorysetup-temp-allocator-size-nav-mesh-worker=65536"
    "memorysetup-temp-allocator-size-audio-worker=65536"
    "memorysetup-temp-allocator-size-cloud-worker=32768"
    "memorysetup-temp-allocator-size-gi-baking-worker=262144"
    "memorysetup-temp-allocator-size-gfx=262144"
Refreshing native plugins compatible for Editor in 103.88 ms, found 3 plugins.
Preloading 0 native plugins for Editor in 0.00 ms.
Initialize engine version: 2021.3.1f1 (3b70a0754835)
[Subsystems] Discovering subsystems at path C:/Users/fujimori/Downloads/2021.3.1f1/Editor/Data/Resources/UnitySubsystems
[Subsystems] Discovering subsystems at path D:/Documents/UNITY/EscapeRoom/EscapeRoom/Assets
GfxDevice: creating device client; threaded=0; jobified=0
Direct3D:
    Version:  Direct3D 11.0 [level 11.1]
    Renderer: NVIDIA GeForce RTX 2070 SUPER (ID=0x1e84)
    Vendor:   NVIDIA
    VRAM:     8012 MB
    Driver:   31.0.15.1694
Initialize mono
Mono path[0] = 'C:/Users/fujimori/Downloads/2021.3.1f1/Editor/Data/Managed'
Mono path[1] = 'C:/Users/fujimori/Downloads/2021.3.1f1/Editor/Data/MonoBleedingEdge/lib/mono/unityjit-win32'
Mono config path = 'C:/Users/fujimori/Downloads/2021.3.1f1/Editor/Data/MonoBleedingEdge/etc'
Using monoOptions --debugger-agent=transport=dt_socket,embedding=1,server=y,suspend=n,address=127.0.0.1:56188
Begin MonoManager ReloadAssembly
Registering precompiled unity dll's ...
Register platform support module: C:/Users/fujimori/Downloads/2021.3.1f1/Editor/Data/PlaybackEngines/WebGLSupport/UnityEditor.WebGL.Extensions.dll
Register platform support module: C:/Users/fujimori/Downloads/2021.3.1f1/Editor/Data/PlaybackEngines/WindowsStandaloneSupport/UnityEditor.WindowsStandalone.Extensions.dll
Registered in 0.006894 seconds.
Native extension for WindowsStandalone target not found
Native extension for WebGL target not found
Refreshing native plugins compatible for Editor in 106.27 ms, found 3 plugins.
Preloading 0 native plugins for Editor in 0.00 ms.
Mono: successfully reloaded assembly
- Completed reload, in  0.628 seconds
Domain Reload Profiling:
	ReloadAssembly (629ms)
		BeginReloadAssembly (71ms)
			ExecutionOrderSort (0ms)
			DisableScriptedObjects (0ms)
			BackupInstance (0ms)
			ReleaseScriptingObjects (0ms)
			CreateAndSetChildDomain (1ms)
		EndReloadAssembly (450ms)
			LoadAssemblies (69ms)
			RebuildTransferFunctionScriptingTraits (0ms)
			SetupTypeCache (105ms)
			ReleaseScriptCaches (0ms)
			RebuildScriptCaches (26ms)
			SetupLoadedEditorAssemblies (271ms)
				LogAssemblyErrors (0ms)
				InitializePlatformSupportModulesInManaged (9ms)
				SetLoadedEditorAssemblies (0ms)
				RefreshPlugins (106ms)
				BeforeProcessingInitializeOnLoad (1ms)
				ProcessInitializeOnLoadAttributes (113ms)
				ProcessInitializeOnLoadMethodAttributes (42ms)
				AfterProcessingInitializeOnLoad (0ms)
				EditorAssembliesLoaded (0ms)
			ExecutionOrderSort2 (0ms)
			AwakeInstancesAfterBackupRestoration (0ms)
Platform modules already initialized, skipping
Registering precompiled user dll's ...
Registered in 0.003613 seconds.
Begin MonoManager ReloadAssembly
Symbol file LoadedFromMemory doesn't match image D:\Documents\UNITY\EscapeRoom\EscapeRoom\Library\PackageCache\com.unity.visualscripting@1.7.6\Editor\VisualScripting.Core\Dependencies\YamlDotNet\Unity.VisualScripting.YamlDotNet.dll
Symbol file LoadedFromMemory is not a mono symbol file
Symbol file LoadedFromMemory doesn't match image D:\Documents\UNITY\EscapeRoom\EscapeRoom\Library\PackageCache\com.unity.visualscripting@1.7.6\Editor\VisualScripting.Core\Dependencies\DotNetZip\Unity.VisualScripting.IonicZip.dll
Native extension for WindowsStandalone target not found
Native extension for WebGL target not found
Refreshing native plugins compatible for Editor in 109.06 ms, found 3 plugins.
Preloading 0 native plugins for Editor in 0.00 ms.
Mono: successfully reloaded assembly
- Completed reload, in  1.231 seconds
Domain Reload Profiling:
	ReloadAssembly (1231ms)
		BeginReloadAssembly (106ms)
			ExecutionOrderSort (0ms)
			DisableScriptedObjects (5ms)
			BackupInstance (0ms)
			ReleaseScriptingObjects (0ms)
			CreateAndSetChildDomain (19ms)
		EndReloadAssembly (1016ms)
			LoadAssemblies (90ms)
			RebuildTransferFunctionScriptingTraits (0ms)
			SetupTypeCache (290ms)
			ReleaseScriptCaches (1ms)
			RebuildScriptCaches (71ms)
			SetupLoadedEditorAssemblies (518ms)
				LogAssemblyErrors (0ms)
				InitializePlatformSupportModulesInManaged (5ms)
				SetLoadedEditorAssemblies (0ms)
				RefreshPlugins (109ms)
				BeforeProcessingInitializeOnLoad (112ms)
				ProcessInitializeOnLoadAttributes (216ms)
				ProcessInitializeOnLoadMethodAttributes (67ms)
				AfterProcessingInitializeOnLoad (8ms)
				EditorAssembliesLoaded (0ms)
			ExecutionOrderSort2 (0ms)
			AwakeInstancesAfterBackupRestoration (5ms)
Platform modules already initialized, skipping
========================================================================
Worker process is ready to serve import requests
Launched and connected shader compiler UnityShaderCompiler.exe after 0.04 seconds
Refreshing native plugins compatible for Editor in 1.05 ms, found 3 plugins.
Preloading 0 native plugins for Editor in 0.00 ms.
Unloading 5075 Unused Serialized files (Serialized files now loaded: 0)
Unloading 28 unused Assets / (347.0 KB). Loaded Objects now: 5558.
Memory consumption went from 219.5 MB to 219.2 MB.
Total: 3.640800 ms (FindLiveObjects: 0.569100 ms CreateObjectMapping: 0.142200 ms MarkObjects: 2.790200 ms  DeleteObjects: 0.138200 ms)

AssetImportParameters requested are different than current active one (requested -> active):
  custom:video-decoder-ogg-theora: a1e56fd34408186e4bbccfd4996cb3dc -> 
  custom:container-muxer-webm: aa71ff27fc2769a1b78a27578f13a17b -> 
  custom:container-demuxer-webm: 4f35f7cbe854078d1ac9338744f61a02 -> 
  custom:video-encoder-webm-vp8: eb34c28f22e8b96e1ab97ce403110664 -> 
  custom:audio-encoder-webm-vorbis: bf7c407c2cedff20999df2af8eb42d56 -> 
  custom:framework-win-MediaFoundation: 216162199b28c13a410421893ffa2e32 -> 
  custom:container-demuxer-ogg: 62fdf1f143b41e24485cea50d1cbac27 -> 
  custom:video-decoder-webm-vp8: 9c59270c3fd7afecdb556c50c9e8de78 -> 
  custom:audio-decoder-ogg-vorbis: bf7c407c2cedff20999df2af8eb42d56 -> 
========================================================================
Received Import Request.
  Time since last request: 348879.282334 seconds.
  path: Assets/Rough3dData/uchuusen_texture.fbx
  artifactKey: Guid(b0f6a0317189d68468200d52a304d029) Importer(815301076,1909f56bfc062723c751e8b465ee728b)
Start importing Assets/Rough3dData/uchuusen_texture.fbx using Guid(b0f6a0317189d68468200d52a304d029) Importer(815301076,1909f56bfc062723c751e8b465ee728b)  -> (artifact id: '89535319e1c0d3fc9a32af6f2c9ce78c') in 2.326388 seconds 
========================================================================
Received Import Request.
  Time since last request: 89.935257 seconds.
  path: Assets/Rough3dData/uchuusen_texture
  artifactKey: Guid(b92d230c597ca6e4784e559fe73c66a7) Importer(815301076,1909f56bfc062723c751e8b465ee728b)
Start importing Assets/Rough3dData/uchuusen_texture using Guid(b92d230c597ca6e4784e559fe73c66a7) Importer(815301076,1909f56bfc062723c751e8b465ee728b)  -> (artifact id: '0a9f97d9a8061a1701de3fe0881647de') in 0.000976 seconds 
========================================================================
Received Import Request.
  Time since last request: 11.273949 seconds.
  path: Assets/Rough3dData/uchuusen_texture/uchuusen_texture.fbx
  artifactKey: Guid(df2d05e13d5c42e40a6ac7464277b8bb) Importer(815301076,1909f56bfc062723c751e8b465ee728b)
Start importing Assets/Rough3dData/uchuusen_texture/uchuusen_texture.fbx using Guid(df2d05e13d5c42e40a6ac7464277b8bb) Importer(815301076,1909f56bfc062723c751e8b465ee728b)  -> (artifact id: '8c319593364d783a42f5f13b0e6dd16e') in 1.959009 seconds 
========================================================================
Received Import Request.
  Time since last request: 132.933272 seconds.
  path: Assets/Rough3dData/uchuusen_texture/uchuusen_texture.fbx
  artifactKey: Guid(df2d05e13d5c42e40a6ac7464277b8bb) Importer(815301076,1909f56bfc062723c751e8b465ee728b)
Start importing Assets/Rough3dData/uchuusen_texture/uchuusen_texture.fbx using Guid(df2d05e13d5c42e40a6ac7464277b8bb) Importer(815301076,1909f56bfc062723c751e8b465ee728b)  -> (artifact id: 'c77a773e7d049c56782a038abe0b9843') in 1.997576 seconds 
========================================================================
Received Import Request.
  Time since last request: 24.018086 seconds.
  path: Assets/Rough3dData/Materials/マテリアル.001.mat
  artifactKey: Guid(d6c0d0df1a8c2f8469e98ad59240b056) Importer(815301076,1909f56bfc062723c751e8b465ee728b)
Start importing Assets/Rough3dData/Materials/マテリアル.001.mat using Guid(d6c0d0df1a8c2f8469e98ad59240b056) Importer(815301076,1909f56bfc062723c751e8b465ee728b)  -> (artifact id: '89c9f3f65e4faea1bb61cd2de79a3b4a') in 0.011966 seconds 
========================================================================
Received Import Request.
  Time since last request: 0.000031 seconds.
  path: Assets/Rough3dData/Materials/マテリアル.005.mat
  artifactKey: Guid(7843fd588deb46441b5537cd0ee7e61c) Importer(815301076,1909f56bfc062723c751e8b465ee728b)
Start importing Assets/Rough3dData/Materials/マテリアル.005.mat using Guid(7843fd588deb46441b5537cd0ee7e61c) Importer(815301076,1909f56bfc062723c751e8b465ee728b)  -> (artifact id: 'ea87b9453ffe374d08791a6b3de132b4') in 0.009061 seconds 
========================================================================
Received Import Request.
  Time since last request: 0.000025 seconds.
  path: Assets/Rough3dData/Materials/マテリアル.008.mat
  artifactKey: Guid(64a824dcbc6d5384bb940f4de2b2f936) Importer(815301076,1909f56bfc062723c751e8b465ee728b)
Start importing Assets/Rough3dData/Materials/マテリアル.008.mat using Guid(64a824dcbc6d5384bb940f4de2b2f936) Importer(815301076,1909f56bfc062723c751e8b465ee728b)  -> (artifact id: 'b5d3b95ca4440ccc839162a5b7c6d87a') in 0.021020 seconds 
========================================================================
Received Import Request.
  Time since last request: 0.000032 seconds.
  path: Assets/Rough3dData/Materials/マテリアル.007.mat
  artifactKey: Guid(736a6289e6600714591a85d2d0760141) Importer(815301076,1909f56bfc062723c751e8b465ee728b)
Start importing Assets/Rough3dData/Materials/マテリアル.007.mat using Guid(736a6289e6600714591a85d2d0760141) Importer(815301076,1909f56bfc062723c751e8b465ee728b)  -> (artifact id: 'd3df7c14b09645113e9d5fcef8519326') in 0.022159 seconds 
========================================================================
Received Import Request.
  Time since last request: 0.000037 seconds.
  path: Assets/Rough3dData/Materials/マテリアル.mat
  artifactKey: Guid(9a8afc883e6fc7842b49bb77d85c7c0c) Importer(815301076,1909f56bfc062723c751e8b465ee728b)
Start importing Assets/Rough3dData/Materials/マテリアル.mat using Guid(9a8afc883e6fc7842b49bb77d85c7c0c) Importer(815301076,1909f56bfc062723c751e8b465ee728b)  -> (artifact id: 'ff06efe0b6fa2a7ed7ef71de46677138') in 0.011609 seconds 
========================================================================
Received Import Request.
  Time since last request: 11.809754 seconds.
  path: Assets/Rough3dData/uchuusen_texture/uchuusen_texture.fbx
  artifactKey: Guid(df2d05e13d5c42e40a6ac7464277b8bb) Importer(815301076,1909f56bfc062723c751e8b465ee728b)
Start importing Assets/Rough3dData/uchuusen_texture/uchuusen_texture.fbx using Guid(df2d05e13d5c42e40a6ac7464277b8bb) Importer(815301076,1909f56bfc062723c751e8b465ee728b)  -> (artifact id: '3c64a6a4e74f5dd71730d3bb526c292a') in 2.038428 seconds 
========================================================================
Received Import Request.
  Time since last request: 0.210098 seconds.
  path: Assets/Rough3dData/uchuusen_texture/Materials
  artifactKey: Guid(3cf215325ab0f8e4690b04f5b6985c4f) Importer(815301076,1909f56bfc062723c751e8b465ee728b)
Start importing Assets/Rough3dData/uchuusen_texture/Materials using Guid(3cf215325ab0f8e4690b04f5b6985c4f) Importer(815301076,1909f56bfc062723c751e8b465ee728b)  -> (artifact id: 'b89f422cca3c79df8edcd16bf9a5a49b') in 0.000909 seconds 
========================================================================
Received Import Request.
  Time since last request: 0.080198 seconds.
  path: Assets/Rough3dData/uchuusen_texture/Materials/マテリアル.002.mat
  artifactKey: Guid(598f6837f75d80e4d8478624060e7080) Importer(815301076,1909f56bfc062723c751e8b465ee728b)
Start importing Assets/Rough3dData/uchuusen_texture/Materials/マテリアル.002.mat using Guid(598f6837f75d80e4d8478624060e7080) Importer(815301076,1909f56bfc062723c751e8b465ee728b)  -> (artifact id: '4058f53d028b1995622d26bc16c42b94') in 0.009875 seconds 
========================================================================
Received Import Request.
  Time since last request: 0.000024 seconds.
  path: Assets/Rough3dData/uchuusen_texture/Materials/マテリアル.mat
  artifactKey: Guid(22d0033623898774092cb5c86a4be14f) Importer(815301076,1909f56bfc062723c751e8b465ee728b)
Start importing Assets/Rough3dData/uchuusen_texture/Materials/マテリアル.mat using Guid(22d0033623898774092cb5c86a4be14f) Importer(815301076,1909f56bfc062723c751e8b465ee728b)  -> (artifact id: 'a54697e2ab6a979f0f2bd5c18f93e4a2') in 0.013217 seconds 
========================================================================
Received Import Request.
  Time since last request: 0.000033 seconds.
  path: Assets/Rough3dData/uchuusen_texture/Materials/マテリアル.010.mat
  artifactKey: Guid(203f081b27930504da8b575bec099905) Importer(815301076,1909f56bfc062723c751e8b465ee728b)
Start importing Assets/Rough3dData/uchuusen_texture/Materials/マテリアル.010.mat using Guid(203f081b27930504da8b575bec099905) Importer(815301076,1909f56bfc062723c751e8b465ee728b)  -> (artifact id: 'bbbcb851b7429bdf12444d8df934849b') in 0.010457 seconds 
========================================================================
Received Import Request.
  Time since last request: 0.000022 seconds.
  path: Assets/Rough3dData/uchuusen_texture/Materials/マテリアル.006.mat
  artifactKey: Guid(cb0589f5f53c84f4c8a89a0000da3ecc) Importer(815301076,1909f56bfc062723c751e8b465ee728b)
Start importing Assets/Rough3dData/uchuusen_texture/Materials/マテリアル.006.mat using Guid(cb0589f5f53c84f4c8a89a0000da3ecc) Importer(815301076,1909f56bfc062723c751e8b465ee728b)  -> (artifact id: 'cf12ea12b56e0e40ab34784bf28d25cf') in 0.021400 seconds 
Editor requested this worker to shutdown with reason: Scaling down because of idle timeout
AssetImportWorker is now disconnected from the server
Process exiting
Exiting without the bug reporter. Application will terminate with return code 0