Using pre-set license
Built from '2021.3/staging' branch; Version is '2021.3.1f1 (3b70a0754835) revision 3895456'; Using compiler version '192829333'; Build Type 'Release'
OS: 'Windows 10  (10.0.19044) 64bit Core' Language: 'ja' Physical Memory: 32700 MB
BatchMode: 1, IsHumanControllingUs: 0, StartBugReporterOnCrash: 0, Is64bit: 1, IsPro: 1

COMMAND LINE ARGUMENTS:
C:\Users\fujimori\Downloads\2021.3.1f1\Editor\Unity.exe
-adb2
-batchMode
-noUpm
-name
AssetImportWorker1
-projectPath
D:/Documents/UNITY/EscapeRoom/EscapeRoom
-logFile
Logs/AssetImportWorker1.log
-srvPort
54899
Successfully changed project path to: D:/Documents/UNITY/EscapeRoom/EscapeRoom
D:/Documents/UNITY/EscapeRoom/EscapeRoom
[UnityMemory] Configuration Parameters - Can be set up in boot.config
    "memorysetup-bucket-allocator-granularity=16"
    "memorysetup-bucket-allocator-bucket-count=8"
    "memorysetup-bucket-allocator-block-size=33554432"
    "memorysetup-bucket-allocator-block-count=8"
    "memorysetup-main-allocator-block-size=16777216"
    "memorysetup-thread-allocator-block-size=16777216"
    "memorysetup-gfx-main-allocator-block-size=16777216"
    "memorysetup-gfx-thread-allocator-block-size=16777216"
    "memorysetup-cache-allocator-block-size=4194304"
    "memorysetup-typetree-allocator-block-size=2097152"
    "memorysetup-profiler-bucket-allocator-granularity=16"
    "memorysetup-profiler-bucket-allocator-bucket-count=8"
    "memorysetup-profiler-bucket-allocator-block-size=33554432"
    "memorysetup-profiler-bucket-allocator-block-count=8"
    "memorysetup-profiler-allocator-block-size=16777216"
    "memorysetup-profiler-editor-allocator-block-size=1048576"
    "memorysetup-temp-allocator-size-main=16777216"
    "memorysetup-job-temp-allocator-block-size=2097152"
    "memorysetup-job-temp-allocator-block-size-background=1048576"
    "memorysetup-job-temp-allocator-reduction-small-platforms=262144"
    "memorysetup-temp-allocator-size-background-worker=32768"
    "memorysetup-temp-allocator-size-job-worker=262144"
    "memorysetup-temp-allocator-size-preload-manager=33554432"
    "memorysetup-temp-allocator-size-nav-mesh-worker=65536"
    "memorysetup-temp-allocator-size-audio-worker=65536"
    "memorysetup-temp-allocator-size-cloud-worker=32768"
    "memorysetup-temp-allocator-size-gi-baking-worker=262144"
    "memorysetup-temp-allocator-size-gfx=262144"
Refreshing native plugins compatible for Editor in 92.52 ms, found 3 plugins.
Preloading 0 native plugins for Editor in 0.00 ms.
Initialize engine version: 2021.3.1f1 (3b70a0754835)
[Subsystems] Discovering subsystems at path C:/Users/fujimori/Downloads/2021.3.1f1/Editor/Data/Resources/UnitySubsystems
[Subsystems] Discovering subsystems at path D:/Documents/UNITY/EscapeRoom/EscapeRoom/Assets
GfxDevice: creating device client; threaded=0; jobified=0
Direct3D:
    Version:  Direct3D 11.0 [level 11.1]
    Renderer: NVIDIA GeForce RTX 2070 SUPER (ID=0x1e84)
    Vendor:   NVIDIA
    VRAM:     8012 MB
    Driver:   31.0.15.1694
Initialize mono
Mono path[0] = 'C:/Users/fujimori/Downloads/2021.3.1f1/Editor/Data/Managed'
Mono path[1] = 'C:/Users/fujimori/Downloads/2021.3.1f1/Editor/Data/MonoBleedingEdge/lib/mono/unityjit-win32'
Mono config path = 'C:/Users/fujimori/Downloads/2021.3.1f1/Editor/Data/MonoBleedingEdge/etc'
Using monoOptions --debugger-agent=transport=dt_socket,embedding=1,server=y,suspend=n,address=127.0.0.1:56804
Begin MonoManager ReloadAssembly
Registering precompiled unity dll's ...
Register platform support module: C:/Users/fujimori/Downloads/2021.3.1f1/Editor/Data/PlaybackEngines/WebGLSupport/UnityEditor.WebGL.Extensions.dll
Register platform support module: C:/Users/fujimori/Downloads/2021.3.1f1/Editor/Data/PlaybackEngines/WindowsStandaloneSupport/UnityEditor.WindowsStandalone.Extensions.dll
Registered in 0.008422 seconds.
Native extension for WindowsStandalone target not found
Native extension for WebGL target not found
Refreshing native plugins compatible for Editor in 93.50 ms, found 3 plugins.
Preloading 0 native plugins for Editor in 0.00 ms.
Mono: successfully reloaded assembly
- Completed reload, in  0.565 seconds
Domain Reload Profiling:
	ReloadAssembly (565ms)
		BeginReloadAssembly (63ms)
			ExecutionOrderSort (0ms)
			DisableScriptedObjects (0ms)
			BackupInstance (0ms)
			ReleaseScriptingObjects (0ms)
			CreateAndSetChildDomain (1ms)
		EndReloadAssembly (400ms)
			LoadAssemblies (61ms)
			RebuildTransferFunctionScriptingTraits (0ms)
			SetupTypeCache (87ms)
			ReleaseScriptCaches (0ms)
			RebuildScriptCaches (28ms)
			SetupLoadedEditorAssemblies (239ms)
				LogAssemblyErrors (0ms)
				InitializePlatformSupportModulesInManaged (8ms)
				SetLoadedEditorAssemblies (0ms)
				RefreshPlugins (94ms)
				BeforeProcessingInitializeOnLoad (1ms)
				ProcessInitializeOnLoadAttributes (100ms)
				ProcessInitializeOnLoadMethodAttributes (36ms)
				AfterProcessingInitializeOnLoad (0ms)
				EditorAssembliesLoaded (0ms)
			ExecutionOrderSort2 (0ms)
			AwakeInstancesAfterBackupRestoration (0ms)
Platform modules already initialized, skipping
Registering precompiled user dll's ...
Registered in 0.003251 seconds.
Begin MonoManager ReloadAssembly
Symbol file LoadedFromMemory doesn't match image D:\Documents\UNITY\EscapeRoom\EscapeRoom\Library\PackageCache\com.unity.visualscripting@1.7.6\Editor\VisualScripting.Core\Dependencies\YamlDotNet\Unity.VisualScripting.YamlDotNet.dll
Symbol file LoadedFromMemory is not a mono symbol file
Symbol file LoadedFromMemory doesn't match image D:\Documents\UNITY\EscapeRoom\EscapeRoom\Library\PackageCache\com.unity.visualscripting@1.7.6\Editor\VisualScripting.Core\Dependencies\DotNetZip\Unity.VisualScripting.IonicZip.dll
Native extension for WindowsStandalone target not found
Native extension for WebGL target not found
Refreshing native plugins compatible for Editor in 98.21 ms, found 3 plugins.
Preloading 0 native plugins for Editor in 0.00 ms.
Mono: successfully reloaded assembly
- Completed reload, in  1.110 seconds
Domain Reload Profiling:
	ReloadAssembly (1110ms)
		BeginReloadAssembly (105ms)
			ExecutionOrderSort (0ms)
			DisableScriptedObjects (5ms)
			BackupInstance (0ms)
			ReleaseScriptingObjects (0ms)
			CreateAndSetChildDomain (18ms)
		EndReloadAssembly (908ms)
			LoadAssemblies (73ms)
			RebuildTransferFunctionScriptingTraits (0ms)
			SetupTypeCache (260ms)
			ReleaseScriptCaches (1ms)
			RebuildScriptCaches (61ms)
			SetupLoadedEditorAssemblies (468ms)
				LogAssemblyErrors (0ms)
				InitializePlatformSupportModulesInManaged (5ms)
				SetLoadedEditorAssemblies (0ms)
				RefreshPlugins (98ms)
				BeforeProcessingInitializeOnLoad (99ms)
				ProcessInitializeOnLoadAttributes (194ms)
				ProcessInitializeOnLoadMethodAttributes (65ms)
				AfterProcessingInitializeOnLoad (8ms)
				EditorAssembliesLoaded (0ms)
			ExecutionOrderSort2 (0ms)
			AwakeInstancesAfterBackupRestoration (5ms)
Platform modules already initialized, skipping
========================================================================
Worker process is ready to serve import requests
Launched and connected shader compiler UnityShaderCompiler.exe after 0.04 seconds
Refreshing native plugins compatible for Editor in 0.92 ms, found 3 plugins.
Preloading 0 native plugins for Editor in 0.00 ms.
Unloading 5075 Unused Serialized files (Serialized files now loaded: 0)
Unloading 28 unused Assets / (347.0 KB). Loaded Objects now: 5558.
Memory consumption went from 219.4 MB to 219.0 MB.
Total: 3.902800 ms (FindLiveObjects: 0.468100 ms CreateObjectMapping: 0.138700 ms MarkObjects: 3.023900 ms  DeleteObjects: 0.271200 ms)

AssetImportParameters requested are different than current active one (requested -> active):
  custom:video-decoder-ogg-theora: a1e56fd34408186e4bbccfd4996cb3dc -> 
  custom:container-muxer-webm: aa71ff27fc2769a1b78a27578f13a17b -> 
  custom:container-demuxer-webm: 4f35f7cbe854078d1ac9338744f61a02 -> 
  custom:video-encoder-webm-vp8: eb34c28f22e8b96e1ab97ce403110664 -> 
  custom:audio-encoder-webm-vorbis: bf7c407c2cedff20999df2af8eb42d56 -> 
  custom:framework-win-MediaFoundation: 216162199b28c13a410421893ffa2e32 -> 
  custom:container-demuxer-ogg: 62fdf1f143b41e24485cea50d1cbac27 -> 
  custom:video-decoder-webm-vp8: 9c59270c3fd7afecdb556c50c9e8de78 -> 
  custom:audio-decoder-ogg-vorbis: bf7c407c2cedff20999df2af8eb42d56 -> 
========================================================================
Received Import Request.
  Time since last request: 335866.263112 seconds.
  path: Assets/New Universal Render Pipeline Asset_Renderer.asset
  artifactKey: Guid(781ded2ed54a7594a87b622755d1e5ae) Importer(815301076,1909f56bfc062723c751e8b465ee728b)
Start importing Assets/New Universal Render Pipeline Asset_Renderer.asset using Guid(781ded2ed54a7594a87b622755d1e5ae) Importer(815301076,1909f56bfc062723c751e8b465ee728b)  -> (artifact id: '9f4473dc2a35a33b7a15397271c68b84') in 0.044159 seconds 
========================================================================
Received Import Request.
  Time since last request: 0.000020 seconds.
  path: Assets/uchuusen_texture2.fbx
  artifactKey: Guid(15ea39d974bdcf74da7bf5326027b9bc) Importer(815301076,1909f56bfc062723c751e8b465ee728b)
Start importing Assets/uchuusen_texture2.fbx using Guid(15ea39d974bdcf74da7bf5326027b9bc) Importer(815301076,1909f56bfc062723c751e8b465ee728b)  -> (artifact id: '4d889527d082668bdb51e351291d2be2') in 2.086624 seconds 
========================================================================
Received Import Request.
  Time since last request: 297.204354 seconds.
  path: Assets/Rough3dData/Clock.fbx
  artifactKey: Guid(1019d540043b667499bec4e42de85dd9) Importer(815301076,1909f56bfc062723c751e8b465ee728b)
Start importing Assets/Rough3dData/Clock.fbx using Guid(1019d540043b667499bec4e42de85dd9) Importer(815301076,1909f56bfc062723c751e8b465ee728b)  -> (artifact id: '604074ea724cdf6323b01b53a4298f7e') in 0.656494 seconds 
========================================================================
Received Import Request.
  Time since last request: 0.000025 seconds.
  path: Assets/Rough3dData/マテリアル.004 1.mat
  artifactKey: Guid(51a8bba2820291a41ab5c9cb1dd72179) Importer(815301076,1909f56bfc062723c751e8b465ee728b)
Start importing Assets/Rough3dData/マテリアル.004 1.mat using Guid(51a8bba2820291a41ab5c9cb1dd72179) Importer(815301076,1909f56bfc062723c751e8b465ee728b)  -> (artifact id: 'a552056337d6504635027821967f9498') in 0.014795 seconds 
========================================================================
Received Import Request.
  Time since last request: 0.000025 seconds.
  path: Assets/Rough3dData/マテリアル.005 1.mat
  artifactKey: Guid(e0db4cea44f1df546bb52a017667cda1) Importer(815301076,1909f56bfc062723c751e8b465ee728b)
Start importing Assets/Rough3dData/マテリアル.005 1.mat using Guid(e0db4cea44f1df546bb52a017667cda1) Importer(815301076,1909f56bfc062723c751e8b465ee728b)  -> (artifact id: 'c3231fb558096879495970ce5b402d64') in 0.009513 seconds 
========================================================================
Received Import Request.
  Time since last request: 0.000021 seconds.
  path: Assets/Rough3dData/Locker_color.fbx
  artifactKey: Guid(0e8ca4d56b2468b49a205208cb45bf70) Importer(815301076,1909f56bfc062723c751e8b465ee728b)
Start importing Assets/Rough3dData/Locker_color.fbx using Guid(0e8ca4d56b2468b49a205208cb45bf70) Importer(815301076,1909f56bfc062723c751e8b465ee728b)  -> (artifact id: 'be7e9ef97f26ea7d35095e7ed37f1cea') in 0.139316 seconds 
========================================================================
Received Import Request.
  Time since last request: 0.000023 seconds.
  path: Assets/Rough3dData/マテリアル.007 1.mat
  artifactKey: Guid(b386baa8bbd736e4a84972cfd0f0630d) Importer(815301076,1909f56bfc062723c751e8b465ee728b)
Start importing Assets/Rough3dData/マテリアル.007 1.mat using Guid(b386baa8bbd736e4a84972cfd0f0630d) Importer(815301076,1909f56bfc062723c751e8b465ee728b)  -> (artifact id: '4863b2847f83564d897435c04bc1766b') in 0.067266 seconds 
========================================================================
Received Import Request.
  Time since last request: 0.000026 seconds.
  path: Assets/Rough3dData/Locker_color 1.fbx
  artifactKey: Guid(2b52ac747503e474894ce7f499be7819) Importer(815301076,1909f56bfc062723c751e8b465ee728b)
Start importing Assets/Rough3dData/Locker_color 1.fbx using Guid(2b52ac747503e474894ce7f499be7819) Importer(815301076,1909f56bfc062723c751e8b465ee728b)  -> (artifact id: '7f8a9ca0dd427e29e637d7d3743c8886') in 0.140357 seconds 
========================================================================
Received Import Request.
  Time since last request: 0.000045 seconds.
  path: Assets/Rough3dData/Generator.fbx
  artifactKey: Guid(9ae0723d8f192104a88d53998c3aab06) Importer(815301076,1909f56bfc062723c751e8b465ee728b)
Start importing Assets/Rough3dData/Generator.fbx using Guid(9ae0723d8f192104a88d53998c3aab06) Importer(815301076,1909f56bfc062723c751e8b465ee728b)  -> (artifact id: '54762a3b42286debf7b1aa13ea47dbef') in 0.231966 seconds 
========================================================================
Received Import Request.
  Time since last request: 0.000027 seconds.
  path: Assets/Rough3dData/マテリアル.004.mat
  artifactKey: Guid(ddbcc439805ee6a48ac02edcd91bdb9c) Importer(815301076,1909f56bfc062723c751e8b465ee728b)
Start importing Assets/Rough3dData/マテリアル.004.mat using Guid(ddbcc439805ee6a48ac02edcd91bdb9c) Importer(815301076,1909f56bfc062723c751e8b465ee728b)  -> (artifact id: '857a21a770cbf66ddd6e8b4dda4405e1') in 0.037913 seconds 
========================================================================
Received Import Request.
  Time since last request: 0.000031 seconds.
  path: Assets/Rough3dData/マテリアル.007.mat
  artifactKey: Guid(e0ce5e19dcee3e04d926be0995b200f8) Importer(815301076,1909f56bfc062723c751e8b465ee728b)
Start importing Assets/Rough3dData/マテリアル.007.mat using Guid(e0ce5e19dcee3e04d926be0995b200f8) Importer(815301076,1909f56bfc062723c751e8b465ee728b)  -> (artifact id: 'ce6823d7da689cc23fc9e7e963841320') in 0.019607 seconds 
========================================================================
Received Import Request.
  Time since last request: 0.000022 seconds.
  path: Assets/Rough3dData/Locker.fbx
  artifactKey: Guid(eccd349bc6125d248a925dc25a1841a9) Importer(815301076,1909f56bfc062723c751e8b465ee728b)
Start importing Assets/Rough3dData/Locker.fbx using Guid(eccd349bc6125d248a925dc25a1841a9) Importer(815301076,1909f56bfc062723c751e8b465ee728b)  -> (artifact id: 'c77b6d35dc20058db320817ca2ca1745') in 0.095496 seconds 
========================================================================
Received Import Request.
  Time since last request: 0.000021 seconds.
  path: Assets/Rough3dData/マテリアル.006 1.mat
  artifactKey: Guid(5913f1b1cb01486418cd60f072d1d2d1) Importer(815301076,1909f56bfc062723c751e8b465ee728b)
Start importing Assets/Rough3dData/マテリアル.006 1.mat using Guid(5913f1b1cb01486418cd60f072d1d2d1) Importer(815301076,1909f56bfc062723c751e8b465ee728b)  -> (artifact id: 'f044e87f2fa23595ba8f90ee1657fa3f') in 0.009127 seconds 
========================================================================
Received Import Request.
  Time since last request: 0.000022 seconds.
  path: Assets/Rough3dData/マテリアル.006.mat
  artifactKey: Guid(e4375a3509ce5e74a917021f89fb4569) Importer(815301076,1909f56bfc062723c751e8b465ee728b)
Start importing Assets/Rough3dData/マテリアル.006.mat using Guid(e4375a3509ce5e74a917021f89fb4569) Importer(815301076,1909f56bfc062723c751e8b465ee728b)  -> (artifact id: 'c39fada7f923af0b0760c656a95261a1') in 0.008807 seconds 
========================================================================
Received Import Request.
  Time since last request: 0.000028 seconds.
  path: Assets/Rough3dData/Locker_color2 1.fbx
  artifactKey: Guid(cd5bb6da1bbf8cf45b0d559954389ac7) Importer(815301076,1909f56bfc062723c751e8b465ee728b)
Start importing Assets/Rough3dData/Locker_color2 1.fbx using Guid(cd5bb6da1bbf8cf45b0d559954389ac7) Importer(815301076,1909f56bfc062723c751e8b465ee728b)  -> (artifact id: 'ef0fa574f0bd34297761831cd90537df') in 0.101408 seconds 
========================================================================
Received Import Request.
  Time since last request: 0.000027 seconds.
  path: Assets/Rough3dData/uchuusen4.fbx
  artifactKey: Guid(6ea2baafc90dfa0468d93db6d433a3c7) Importer(815301076,1909f56bfc062723c751e8b465ee728b)
Start importing Assets/Rough3dData/uchuusen4.fbx using Guid(6ea2baafc90dfa0468d93db6d433a3c7) Importer(815301076,1909f56bfc062723c751e8b465ee728b)  -> (artifact id: '1883173ba17347985611a637bde9e72e') in 0.834463 seconds 
========================================================================
Received Import Request.
  Time since last request: 0.000031 seconds.
  path: Assets/Rough3dData/マテリアル.005.mat
  artifactKey: Guid(50f8390297476d54496dc1a8819ac518) Importer(815301076,1909f56bfc062723c751e8b465ee728b)
Start importing Assets/Rough3dData/マテリアル.005.mat using Guid(50f8390297476d54496dc1a8819ac518) Importer(815301076,1909f56bfc062723c751e8b465ee728b)  -> (artifact id: '42fb3a5c1d19cb22337796ec2d995f93') in 0.034811 seconds 
Editor requested this worker to shutdown with reason: Scaling down because of idle timeout
AssetImportWorker is now disconnected from the server
Process exiting
Exiting without the bug reporter. Application will terminate with return code 0