Using pre-set license
Built from '2021.3/staging' branch; Version is '2021.3.1f1 (3b70a0754835) revision 3895456'; Using compiler version '192829333'; Build Type 'Release'
OS: 'Windows 10  (10.0.19044) 64bit Core' Language: 'ja' Physical Memory: 32700 MB
BatchMode: 1, IsHumanControllingUs: 0, StartBugReporterOnCrash: 0, Is64bit: 1, IsPro: 1

COMMAND LINE ARGUMENTS:
C:\Users\fujimori\Downloads\2021.3.1f1\Editor\Unity.exe
-adb2
-batchMode
-noUpm
-name
AssetImportWorker1
-projectPath
D:/Documents/UNITY/EscapeRoom/EscapeRoom
-logFile
Logs/AssetImportWorker1.log
-srvPort
51478
Successfully changed project path to: D:/Documents/UNITY/EscapeRoom/EscapeRoom
D:/Documents/UNITY/EscapeRoom/EscapeRoom
[UnityMemory] Configuration Parameters - Can be set up in boot.config
    "memorysetup-bucket-allocator-granularity=16"
    "memorysetup-bucket-allocator-bucket-count=8"
    "memorysetup-bucket-allocator-block-size=33554432"
    "memorysetup-bucket-allocator-block-count=8"
    "memorysetup-main-allocator-block-size=16777216"
    "memorysetup-thread-allocator-block-size=16777216"
    "memorysetup-gfx-main-allocator-block-size=16777216"
    "memorysetup-gfx-thread-allocator-block-size=16777216"
    "memorysetup-cache-allocator-block-size=4194304"
    "memorysetup-typetree-allocator-block-size=2097152"
    "memorysetup-profiler-bucket-allocator-granularity=16"
    "memorysetup-profiler-bucket-allocator-bucket-count=8"
    "memorysetup-profiler-bucket-allocator-block-size=33554432"
    "memorysetup-profiler-bucket-allocator-block-count=8"
    "memorysetup-profiler-allocator-block-size=16777216"
    "memorysetup-profiler-editor-allocator-block-size=1048576"
    "memorysetup-temp-allocator-size-main=16777216"
    "memorysetup-job-temp-allocator-block-size=2097152"
    "memorysetup-job-temp-allocator-block-size-background=1048576"
    "memorysetup-job-temp-allocator-reduction-small-platforms=262144"
    "memorysetup-temp-allocator-size-background-worker=32768"
    "memorysetup-temp-allocator-size-job-worker=262144"
    "memorysetup-temp-allocator-size-preload-manager=33554432"
    "memorysetup-temp-allocator-size-nav-mesh-worker=65536"
    "memorysetup-temp-allocator-size-audio-worker=65536"
    "memorysetup-temp-allocator-size-cloud-worker=32768"
    "memorysetup-temp-allocator-size-gi-baking-worker=262144"
    "memorysetup-temp-allocator-size-gfx=262144"
Refreshing native plugins compatible for Editor in 95.92 ms, found 3 plugins.
Preloading 0 native plugins for Editor in 0.00 ms.
Initialize engine version: 2021.3.1f1 (3b70a0754835)
[Subsystems] Discovering subsystems at path C:/Users/fujimori/Downloads/2021.3.1f1/Editor/Data/Resources/UnitySubsystems
[Subsystems] Discovering subsystems at path D:/Documents/UNITY/EscapeRoom/EscapeRoom/Assets
GfxDevice: creating device client; threaded=0; jobified=0
Direct3D:
    Version:  Direct3D 11.0 [level 11.1]
    Renderer: NVIDIA GeForce RTX 2070 SUPER (ID=0x1e84)
    Vendor:   NVIDIA
    VRAM:     8012 MB
    Driver:   31.0.15.1694
Initialize mono
Mono path[0] = 'C:/Users/fujimori/Downloads/2021.3.1f1/Editor/Data/Managed'
Mono path[1] = 'C:/Users/fujimori/Downloads/2021.3.1f1/Editor/Data/MonoBleedingEdge/lib/mono/unityjit-win32'
Mono config path = 'C:/Users/fujimori/Downloads/2021.3.1f1/Editor/Data/MonoBleedingEdge/etc'
Using monoOptions --debugger-agent=transport=dt_socket,embedding=1,server=y,suspend=n,address=127.0.0.1:56508
Begin MonoManager ReloadAssembly
Registering precompiled unity dll's ...
Register platform support module: C:/Users/fujimori/Downloads/2021.3.1f1/Editor/Data/PlaybackEngines/WebGLSupport/UnityEditor.WebGL.Extensions.dll
Register platform support module: C:/Users/fujimori/Downloads/2021.3.1f1/Editor/Data/PlaybackEngines/WindowsStandaloneSupport/UnityEditor.WindowsStandalone.Extensions.dll
Registered in 0.006403 seconds.
Native extension for WindowsStandalone target not found
Native extension for WebGL target not found
Refreshing native plugins compatible for Editor in 99.44 ms, found 3 plugins.
Preloading 0 native plugins for Editor in 0.00 ms.
Mono: successfully reloaded assembly
- Completed reload, in  0.575 seconds
Domain Reload Profiling:
	ReloadAssembly (575ms)
		BeginReloadAssembly (62ms)
			ExecutionOrderSort (0ms)
			DisableScriptedObjects (0ms)
			BackupInstance (0ms)
			ReleaseScriptingObjects (0ms)
			CreateAndSetChildDomain (1ms)
		EndReloadAssembly (415ms)
			LoadAssemblies (60ms)
			RebuildTransferFunctionScriptingTraits (0ms)
			SetupTypeCache (89ms)
			ReleaseScriptCaches (0ms)
			RebuildScriptCaches (24ms)
			SetupLoadedEditorAssemblies (257ms)
				LogAssemblyErrors (0ms)
				InitializePlatformSupportModulesInManaged (8ms)
				SetLoadedEditorAssemblies (0ms)
				RefreshPlugins (100ms)
				BeforeProcessingInitializeOnLoad (1ms)
				ProcessInitializeOnLoadAttributes (107ms)
				ProcessInitializeOnLoadMethodAttributes (41ms)
				AfterProcessingInitializeOnLoad (0ms)
				EditorAssembliesLoaded (0ms)
			ExecutionOrderSort2 (0ms)
			AwakeInstancesAfterBackupRestoration (0ms)
Platform modules already initialized, skipping
Registering precompiled user dll's ...
Registered in 0.003507 seconds.
Begin MonoManager ReloadAssembly
Symbol file LoadedFromMemory doesn't match image D:\Documents\UNITY\EscapeRoom\EscapeRoom\Library\PackageCache\com.unity.visualscripting@1.7.6\Editor\VisualScripting.Core\Dependencies\YamlDotNet\Unity.VisualScripting.YamlDotNet.dll
Symbol file LoadedFromMemory is not a mono symbol file
Symbol file LoadedFromMemory doesn't match image D:\Documents\UNITY\EscapeRoom\EscapeRoom\Library\PackageCache\com.unity.visualscripting@1.7.6\Editor\VisualScripting.Core\Dependencies\DotNetZip\Unity.VisualScripting.IonicZip.dll
Native extension for WindowsStandalone target not found
Native extension for WebGL target not found
Refreshing native plugins compatible for Editor in 103.62 ms, found 3 plugins.
Preloading 0 native plugins for Editor in 0.00 ms.
Mono: successfully reloaded assembly
- Completed reload, in  1.202 seconds
Domain Reload Profiling:
	ReloadAssembly (1203ms)
		BeginReloadAssembly (113ms)
			ExecutionOrderSort (0ms)
			DisableScriptedObjects (5ms)
			BackupInstance (0ms)
			ReleaseScriptingObjects (0ms)
			CreateAndSetChildDomain (21ms)
		EndReloadAssembly (972ms)
			LoadAssemblies (88ms)
			RebuildTransferFunctionScriptingTraits (0ms)
			SetupTypeCache (261ms)
			ReleaseScriptCaches (1ms)
			RebuildScriptCaches (53ms)
			SetupLoadedEditorAssemblies (538ms)
				LogAssemblyErrors (0ms)
				InitializePlatformSupportModulesInManaged (7ms)
				SetLoadedEditorAssemblies (0ms)
				RefreshPlugins (104ms)
				BeforeProcessingInitializeOnLoad (116ms)
				ProcessInitializeOnLoadAttributes (223ms)
				ProcessInitializeOnLoadMethodAttributes (81ms)
				AfterProcessingInitializeOnLoad (7ms)
				EditorAssembliesLoaded (0ms)
			ExecutionOrderSort2 (0ms)
			AwakeInstancesAfterBackupRestoration (5ms)
Platform modules already initialized, skipping
========================================================================
Worker process is ready to serve import requests
Launched and connected shader compiler UnityShaderCompiler.exe after 0.04 seconds
Refreshing native plugins compatible for Editor in 2.32 ms, found 3 plugins.
Preloading 0 native plugins for Editor in 0.00 ms.
Unloading 5057 Unused Serialized files (Serialized files now loaded: 0)
Unloading 28 unused Assets / (347.2 KB). Loaded Objects now: 5543.
Memory consumption went from 218.5 MB to 218.1 MB.
Total: 4.903700 ms (FindLiveObjects: 0.817000 ms CreateObjectMapping: 0.220800 ms MarkObjects: 3.665400 ms  DeleteObjects: 0.198300 ms)

AssetImportParameters requested are different than current active one (requested -> active):
  custom:video-decoder-ogg-theora: a1e56fd34408186e4bbccfd4996cb3dc -> 
  custom:container-muxer-webm: aa71ff27fc2769a1b78a27578f13a17b -> 
  custom:container-demuxer-webm: 4f35f7cbe854078d1ac9338744f61a02 -> 
  custom:video-encoder-webm-vp8: eb34c28f22e8b96e1ab97ce403110664 -> 
  custom:audio-encoder-webm-vorbis: bf7c407c2cedff20999df2af8eb42d56 -> 
  custom:framework-win-MediaFoundation: 216162199b28c13a410421893ffa2e32 -> 
  custom:container-demuxer-ogg: 62fdf1f143b41e24485cea50d1cbac27 -> 
  custom:video-decoder-webm-vp8: 9c59270c3fd7afecdb556c50c9e8de78 -> 
  custom:audio-decoder-ogg-vorbis: bf7c407c2cedff20999df2af8eb42d56 -> 
========================================================================
Received Import Request.
  Time since last request: 354212.375546 seconds.
  path: Assets/ThumbnailImage/1659821109612.jpg
  artifactKey: Guid(125eafff299c28a4b8105f2fce648376) Importer(815301076,1909f56bfc062723c751e8b465ee728b)
Start importing Assets/ThumbnailImage/1659821109612.jpg using Guid(125eafff299c28a4b8105f2fce648376) Importer(815301076,1909f56bfc062723c751e8b465ee728b)  -> (artifact id: 'd43791cc92342bd33fe7bc65b0d05827') in 0.127948 seconds 
========================================================================
Received Import Request.
  Time since last request: 0.000020 seconds.
  path: Assets/ThumbnailImage/Ellipse 1.png
  artifactKey: Guid(2cb8b4e8b096fa547b269f57d1b2cdbe) Importer(815301076,1909f56bfc062723c751e8b465ee728b)
Start importing Assets/ThumbnailImage/Ellipse 1.png using Guid(2cb8b4e8b096fa547b269f57d1b2cdbe) Importer(815301076,1909f56bfc062723c751e8b465ee728b)  -> (artifact id: 'a4c485c9b7dc54a8eeca6a9f20787d5d') in 0.015709 seconds 
========================================================================
Received Import Request.
  Time since last request: 0.000018 seconds.
  path: Assets/ThumbnailImage/Rectangle 2.png
  artifactKey: Guid(02bd0293c11e92f43a3dda56c7449f32) Importer(815301076,1909f56bfc062723c751e8b465ee728b)
Start importing Assets/ThumbnailImage/Rectangle 2.png using Guid(02bd0293c11e92f43a3dda56c7449f32) Importer(815301076,1909f56bfc062723c751e8b465ee728b)  -> (artifact id: 'd972fbe3b026d06f8e5634f17a5bfc83') in 0.011290 seconds 
========================================================================
Received Import Request.
  Time since last request: 21.218102 seconds.
  path: Assets/Rough3dData/uchuusen_texture/Materials/マテリアル.004.mat
  artifactKey: Guid(6e3f8394c00027449b7f36add744b97b) Importer(815301076,1909f56bfc062723c751e8b465ee728b)
Start importing Assets/Rough3dData/uchuusen_texture/Materials/マテリアル.004.mat using Guid(6e3f8394c00027449b7f36add744b97b) Importer(815301076,1909f56bfc062723c751e8b465ee728b)  -> (artifact id: '0bfae5f5e43e41c5d7adbdaed0c5af3e') in 0.174280 seconds 
========================================================================
Received Import Request.
  Time since last request: 18.160780 seconds.
  path: Assets/FujimoriWS/Chest/Chest/Chest.fbx
  artifactKey: Guid(3a3ef01c3f1418e4ba77350d1a7679d5) Importer(815301076,1909f56bfc062723c751e8b465ee728b)
Start importing Assets/FujimoriWS/Chest/Chest/Chest.fbx using Guid(3a3ef01c3f1418e4ba77350d1a7679d5) Importer(815301076,1909f56bfc062723c751e8b465ee728b)  -> (artifact id: 'ff6c8ed74a997c0263439fb979e28e77') in 0.073042 seconds 
========================================================================
Received Import Request.
  Time since last request: 5.461226 seconds.
  path: Assets/Rough3dData/Engine/EngineCord1.fbx
  artifactKey: Guid(24c269985b6c0844e952ace3501ed07f) Importer(815301076,1909f56bfc062723c751e8b465ee728b)
Start importing Assets/Rough3dData/Engine/EngineCord1.fbx using Guid(24c269985b6c0844e952ace3501ed07f) Importer(815301076,1909f56bfc062723c751e8b465ee728b)  -> (artifact id: '15d5961baf1417d92db4f11d0aed32f6') in 0.017701 seconds 
========================================================================
Received Import Request.
  Time since last request: 0.000022 seconds.
  path: Assets/Rough3dData/Engine/EngineCord2.fbx
  artifactKey: Guid(e316e7e18ef860249acc0c3898b62c2f) Importer(815301076,1909f56bfc062723c751e8b465ee728b)
Start importing Assets/Rough3dData/Engine/EngineCord2.fbx using Guid(e316e7e18ef860249acc0c3898b62c2f) Importer(815301076,1909f56bfc062723c751e8b465ee728b)  -> (artifact id: '674453dc0ba4d3ca24b7749f86b67557') in 0.028318 seconds 
========================================================================
Received Import Request.
  Time since last request: 0.000026 seconds.
  path: Assets/Rough3dData/Engine/EngineCord5_1.fbx
  artifactKey: Guid(bf4b7d1b8655a934aad5251e68848dc1) Importer(815301076,1909f56bfc062723c751e8b465ee728b)
Start importing Assets/Rough3dData/Engine/EngineCord5_1.fbx using Guid(bf4b7d1b8655a934aad5251e68848dc1) Importer(815301076,1909f56bfc062723c751e8b465ee728b)  -> (artifact id: '42318929f1b80bc04cd6ef4d52c38e02') in 0.032436 seconds 
========================================================================
Received Import Request.
  Time since last request: 0.000027 seconds.
  path: Assets/Rough3dData/Engine/EngineCord2_1.fbx
  artifactKey: Guid(4a4affc2727c0c64ba45eaa0ea45ff59) Importer(815301076,1909f56bfc062723c751e8b465ee728b)
Start importing Assets/Rough3dData/Engine/EngineCord2_1.fbx using Guid(4a4affc2727c0c64ba45eaa0ea45ff59) Importer(815301076,1909f56bfc062723c751e8b465ee728b)  -> (artifact id: '84a6f8736634d47fc0e0443d03d24df3') in 0.053667 seconds 
========================================================================
Received Import Request.
  Time since last request: 0.000041 seconds.
  path: Assets/Rough3dData/Engine/EngineCord8.fbx
  artifactKey: Guid(0a918bdfa7b6e8f4eab3ee234742a351) Importer(815301076,1909f56bfc062723c751e8b465ee728b)
Start importing Assets/Rough3dData/Engine/EngineCord8.fbx using Guid(0a918bdfa7b6e8f4eab3ee234742a351) Importer(815301076,1909f56bfc062723c751e8b465ee728b)  -> (artifact id: '1d2d8bed02127f8a44866297daf75d71') in 0.022803 seconds 
========================================================================
Received Import Request.
  Time since last request: 0.000021 seconds.
  path: Assets/Rough3dData/Engine/EngineCord1_1.fbx
  artifactKey: Guid(be330aea58e2eb84cbe60c429831786e) Importer(815301076,1909f56bfc062723c751e8b465ee728b)
Start importing Assets/Rough3dData/Engine/EngineCord1_1.fbx using Guid(be330aea58e2eb84cbe60c429831786e) Importer(815301076,1909f56bfc062723c751e8b465ee728b)  -> (artifact id: '35d93bc8f37c05de22f1d9012a524456') in 0.028567 seconds 
========================================================================
Received Import Request.
  Time since last request: 0.000038 seconds.
  path: Assets/Rough3dData/Engine/EngineCord4.fbx
  artifactKey: Guid(ac8feb0d42d21c941ba8dac1211100ec) Importer(815301076,1909f56bfc062723c751e8b465ee728b)
Start importing Assets/Rough3dData/Engine/EngineCord4.fbx using Guid(ac8feb0d42d21c941ba8dac1211100ec) Importer(815301076,1909f56bfc062723c751e8b465ee728b)  -> (artifact id: '311e516a7b56b5b8c0a720f98e4e9c0c') in 0.027729 seconds 
========================================================================
Received Import Request.
  Time since last request: 0.000033 seconds.
  path: Assets/Rough3dData/Engine/EngineCord8_1.fbx
  artifactKey: Guid(984c6f6e7687a534c975997447f8cd6f) Importer(815301076,1909f56bfc062723c751e8b465ee728b)
Start importing Assets/Rough3dData/Engine/EngineCord8_1.fbx using Guid(984c6f6e7687a534c975997447f8cd6f) Importer(815301076,1909f56bfc062723c751e8b465ee728b)  -> (artifact id: '7fb34677a3362be4b23739e35086fe96') in 0.013636 seconds 
========================================================================
Received Import Request.
  Time since last request: 0.000028 seconds.
  path: Assets/Rough3dData/Engine/EngineCord3.fbx
  artifactKey: Guid(fca2c3dce6715ea409c839827627f4c0) Importer(815301076,1909f56bfc062723c751e8b465ee728b)
Start importing Assets/Rough3dData/Engine/EngineCord3.fbx using Guid(fca2c3dce6715ea409c839827627f4c0) Importer(815301076,1909f56bfc062723c751e8b465ee728b)  -> (artifact id: '64e4fa13a56a79b32606d4198250a1a9') in 0.021941 seconds 
========================================================================
Received Import Request.
  Time since last request: 0.000030 seconds.
  path: Assets/Rough3dData/Engine/EngineCord9_1.fbx
  artifactKey: Guid(7e9e762d72edb874d92e491bc16df70f) Importer(815301076,1909f56bfc062723c751e8b465ee728b)
Start importing Assets/Rough3dData/Engine/EngineCord9_1.fbx using Guid(7e9e762d72edb874d92e491bc16df70f) Importer(815301076,1909f56bfc062723c751e8b465ee728b)  -> (artifact id: 'b816f03c70ecb58bafb387b73c34e0f2') in 0.013396 seconds 
========================================================================
Received Import Request.
  Time since last request: 0.000031 seconds.
  path: Assets/Rough3dData/Engine/EngineCord9.fbx
  artifactKey: Guid(fe012314fe8b9584c988144e2359a015) Importer(815301076,1909f56bfc062723c751e8b465ee728b)
Start importing Assets/Rough3dData/Engine/EngineCord9.fbx using Guid(fe012314fe8b9584c988144e2359a015) Importer(815301076,1909f56bfc062723c751e8b465ee728b)  -> (artifact id: '31e0a412865481fabc1e1be04fdfed43') in 0.023245 seconds 
========================================================================
Received Import Request.
  Time since last request: 8.782914 seconds.
  path: Assets/Rough3dData/Item/NewKey.fbx
  artifactKey: Guid(2cb2cdebffc28814eb93ef6b19778aaa) Importer(815301076,1909f56bfc062723c751e8b465ee728b)
Start importing Assets/Rough3dData/Item/NewKey.fbx using Guid(2cb2cdebffc28814eb93ef6b19778aaa) Importer(815301076,1909f56bfc062723c751e8b465ee728b)  -> (artifact id: '3f24cddb368654a2421e070cd053472e') in 0.090600 seconds 
